<?xml version="1.0" encoding="UTF-8"?>
<testsuite xmlns:xsi="http://www.w3.org/2001/XMLSchema-instance" xsi:noNamespaceSchemaLocation="https://maven.apache.org/surefire/maven-surefire-plugin/xsd/surefire-test-report.xsd" name="com.jiten.junittest.MathUtilsTests" time="0.051" tests="10" errors="0" skipped="3" failures="0">
  <properties>
[...]
</properties>
  <testcase name="testOnLinuxOS" classname="com.jiten.junittest.MathUtilsTests" time="0">
    <skipped message="Disabled on operating system: Windows 10"/>
    <system-out><![CDATA[beforeAll
]]></system-out>
  </testcase>
  <testcase name="testOnJRE11" classname="com.jiten.junittest.MathUtilsTests" time="0.008"/>
  <testcase name="testOnIf" classname="com.jiten.junittest.MathUtilsTests" time="0.001"/>
  <testcase name="testEnabledIfEnvironmentVariable" classname="com.jiten.junittest.MathUtilsTests" time="0.001"/>
  <testcase name="testIfEnabledIfSystemProperty" classname="com.jiten.junittest.MathUtilsTests" time="0"/>
  <testcase name="test" classname="com.jiten.junittest.MathUtilsTests" time="0.006"/>
  <testcase name="testDisabled" classname="com.jiten.junittest.MathUtilsTests" time="0">
    <skipped message="void com.jiten.junittest.MathUtilsTests.testDisabled() is @Disabled"/>
  </testcase>
  <testcase name="testAssume" classname="com.jiten.junittest.MathUtilsTests" time="0">
    <skipped message="Assumption failed: assumption is not true" type="org.opentest4j.TestAbortedException">org.opentest4j.TestAbortedException: Assumption failed: assumption is not true
	at com.jiten.junittest.MathUtilsTests.testAssume(MathUtilsTests.java:115)
</skipped>
  </testcase>
  <testcase name="testDivide" classname="com.jiten.junittest.MathUtilsTests" time="0.006"/>
  <testcase name="testComputeCircleRadius" classname="com.jiten.junittest.MathUtilsTests" time="0.003"/>
</testsuite>